
vbSPT, VB3_HMManalysis, Copyright (C) 2012 Martin Lindén and Fredrik Persson 
v 1.1.2, Martin Lindén 2014.

This program comes with ABSOLUTELY NO WARRANTY. 
This is free software, and you are welcome to redistribute it 
under certain conditions. See license.txt for details. 

Additional permission under GNU GPL version 3 section 7 

If you modify this Program, or any covered work, by linking or combining it 
with Matlab or any Matlab toolbox, the licensors of this Program grant you 
additional permission to convey the resulting work. 

----------
05-Apr-2018 14:21:32 : Starting greedy optimization to find best model.
jobID        : Anders: vbSPT job is running
runinput file: ./FolderWithRunInputFiles/vbSPT_RunInputFileBatch1.m
input  file  : ./QC_data_reformatted/U2OS_C32_Halo-hCTCF_133Hz_pooled_QC_CD2_reformatted.mat
trj field    : CellTracks
output file  : ./HMM_first_QC_data/U2OS_C32_Halo-hCTCF_133Hz_pooled_QC_CD2_classified.mat
log file     : ./HMM_first_QC_data/U2OS_C32_Halo-hCTCF_133Hz_pooled_QC_CD2_classified.log
----------
Read options structure based on runinput file ./FolderWithRunInputFiles/vbSPT_RunInputFileBatch1.m
Starting parallel pool (parpool) using the 'local' profile ... connected to 12 workers.

theVBpool = 

 <a href="matlab: help parallel.Pool">Pool</a> with properties: 

            Connected: true
           NumWorkers: 12
              Cluster: <a href="matlab: parallel.internal.display.Displayer.displayObject('1F8B0800000000000000AD53B14EC33010BDA46905031508097564644A0031C05C840AA242A220BAA54E6B412AD789EC20D1AD239FC1D891CFE01358D8F90C7CC469DC9052109C74BADCE5EEDD3DFB0CD6691B94D4953E29AD295D51BA01A95833EB40BB79D1417F47694C04618C3237E409159C307710CA9891B1DB64F75285DA74447912216ECBC05DD37855EDD7748FAC0FFA8DF4F3CD36FE658A780F4E8EB75AC0C39C9693E3D9DA0783E7B492D7DB25F5E63C55C5BBAA7DB47806194EAFF2B3F342CE2721A33782C43115BEAFEBB78DFABC5FEA673DB338E637ACC5BCDF0BF9B68EA145FA3DA513ADCF4A5FF5FF4CAEC6318563921098BFBFC5170DA582BD2AE5BFE6C42AF1CD980D5FF914734CA91BD6DC3747C7CDFBDD3270D6B53FA3D94FE9BBE7519FB014EF057EB72F9BDA477B16059D2412E496226012463C9F335E32E751614EF4BD6B4985F4081F2823E950DC112E29F7DC114918093C8663FB9A843F8C02E95DEEEFEE1D04C6F94C61F1DE15CF19F30F97F08702FFFFAE7F84EFDF7B17E6F7A4FB0998BF77731FFEF2DE513E007EDA6B4530050000')">local</a>
        AttachedFiles: {}
          IdleTimeout: 30 minute(s) (30 minutes remaining)
          SpmdEnabled: true

Iter 1. Adding 10389 extra transitions to final model helped : dF/|F| = 2.1555e-09, time : 0.21872 s.
Iter 3. Adding 10390 extra transitions to final model helped : dF/|F| = 3.0583e-09, time : 0.22269 s.
Iter 3. Finished greedy search in 2.2801 s, with 2 states.
Iter 2. Adding 10393 extra transitions to final model helped : dF/|F| = 5.3634e-09, time : 0.21143 s.
Iter 1. Finished greedy search in 2.3478 s, with 2 states.
Iter 2. Finished greedy search in 2.492 s, with 2 states.
Sorting and regenerating best model and estimates
 N     it   dF/|F|   d<p>/p   p 
01     2  0.00e+00 0.00e+00  M.wPi , F : 6.682e+05 
Converged normally after 2 iterations, relTolF = 1e-08, tolPar = 0.01, (M.wPi limiting). 
 N     it   dF/|F|   d<p>/p   p 
02     2  2.37e-10 1.08e-04  M.wB , F : 1.050e+06 
Converged normally after 2 iterations, relTolF = 1e-08, tolPar = 0.01, (M.wB limiting). 
Best model size: 2, from iteration 1.
Saving ./HMM_first_QC_data/U2OS_C32_Halo-hCTCF_133Hz_pooled_QC_CD2_classified.mat after 0.65544 min.
Read options structure based on runinput file ./FolderWithRunInputFiles/vbSPT_RunInputFileBatch1.m
Read options structure based on runinput file ./FolderWithRunInputFiles/vbSPT_RunInputFileBatch1.m
jobID: Anders: vbSPT job is running
Starting bootstrapping...
----------
bootstrap : 10 resampling in 6.3109 s.
Finished ./FolderWithRunInputFiles/vbSPT_RunInputFileBatch1.m bootstrapping in 0.24461 min.
Parallel pool using the 'local' profile is shutting down.
05-Apr-2018 14:22:36 : Finished ./FolderWithRunInputFiles/vbSPT_RunInputFileBatch1.m. Total run time 1.0704 min.
